Reading netlist file: "E:\fbga\tek_port_RAM\impl\gwsynthesis\tek_port_RAM.vg"
Parsing netlist file "E:\fbga\tek_port_RAM\impl\gwsynthesis\tek_port_RAM.vg" completed
Processing netlist completed
Running placement......
[10%] Placement Phase 0 completed
[20%] Placement Phase 1 completed
[30%] Placement Phase 2 completed
[50%] Placement Phase 3 completed
Running routing......
[60%] Routing Phase 0 completed
[70%] Routing Phase 1 completed
[80%] Routing Phase 2 completed
[90%] Routing Phase 3 completed
Running timing analysis......
[95%] Timing analysis completed
Placement and routing completed
Bitstream generation in progress......
Bitstream generation completed
Running power analysis......
[100%] Power analysis completed
Generate file "E:\fbga\tek_port_RAM\impl\pnr\tek_port_RAM.power.html" completed
Generate file "E:\fbga\tek_port_RAM\impl\pnr\tek_port_RAM.pin.html" completed
Generate file "E:\fbga\tek_port_RAM\impl\pnr\tek_port_RAM.rpt.html" completed
Generate file "E:\fbga\tek_port_RAM\impl\pnr\tek_port_RAM.rpt.txt" completed
Generate file "E:\fbga\tek_port_RAM\impl\pnr\tek_port_RAM.tr.html" completed
Sun Apr 30 23:21:18 2023

